Broadcasting: Intent { act=com.termux.api.MediaPlayer (has extras) }
Broadcast sent without waiting for result
Broadcasting: Intent { act=com.termux.api.MediaPlayer (has extras) }
Broadcast sent without waiting for result
Broadcasting: Intent { act=com.termux.api.MediaPlayer (has extras) }
Broadcast sent without waiting for result
Broadcasting: Intent { act=com.termux.api.MediaPlayer (has extras) }
Broadcast sent without waiting for result
Broadcasting: Intent { act=com.termux.api.MediaPlayer (has extras) }
Broadcast sent without waiting for result
Broadcasting: Intent { act=com.termux.api.MediaPlayer (has extras) }
Broadcast sent without waiting for result
Broadcasting: Intent { act=com.termux.api.MediaPlayer (has extras) }
Broadcast sent without waiting for result
Broadcasting: Intent { act=com.termux.api.MediaPlayer (has extras) }
Broadcast sent without waiting for result
Broadcasting: Intent { act=com.termux.api.MediaPlayer (has extras) }
Broadcast sent without waiting for result
Broadcasting: Intent { act=com.termux.api.MediaPlayer (has extras) }
Broadcast sent without waiting for result
Broadcasting: Intent { act=com.termux.api.MediaPlayer (has extras) }
Broadcast sent without waiting for result
Broadcasting: Intent { act=com.termux.api.MediaPlayer (has extras) }
Broadcast sent without waiting for result
Broadcasting: Intent { act=com.termux.api.MediaPlayer (has extras) }
Broadcast sent without waiting for result
Broadcasting: Intent { act=com.termux.api.MediaPlayer (has extras) }
Broadcast sent without waiting for result
Broadcasting: Intent { act=com.termux.api.MediaPlayer (has extras) }
Broadcast sent without waiting for result
Broadcasting: Intent { act=com.termux.api.MediaPlayer (has extras) }
Broadcast sent without waiting for result
Broadcasting: Intent { act=com.termux.api.MediaPlayer (has extras) }
Broadcast sent without waiting for result
Broadcasting: Intent { act=com.termux.api.MediaPlayer (has extras) }
Broadcast sent without waiting for result
Broadcasting: Intent { act=com.termux.api.MediaPlayer (has extras) }
Broadcast sent without waiting for result
Broadcasting: Intent { act=com.termux.api.MediaPlayer (has extras) }
Broadcast sent without waiting for result
Broadcasting: Intent { act=com.termux.api.MediaPlayer (has extras) }
Broadcast sent without waiting for result
Broadcasting: Intent { act=com.termux.api.MediaPlayer (has extras) }
Broadcast sent without waiting for result
Broadcasting: Intent { act=com.termux.api.MediaPlayer (has extras) }
Broadcast sent without waiting for result
Broadcasting: Intent { act=com.termux.api.MediaPlayer (has extras) }
Broadcast sent without waiting for result
Broadcasting: Intent { act=com.termux.api.MediaPlayer (has extras) }
Broadcast sent without waiting for result
Broadcasting: Intent { act=com.termux.api.MediaPlayer (has extras) }
Broadcast sent without waiting for result
Broadcasting: Intent { act=com.termux.api.MediaPlayer (has extras) }
Broadcast sent without waiting for result
Broadcasting: Intent { act=com.termux.api.MediaPlayer (has extras) }
Broadcast sent without waiting for result
Broadcasting: Intent { act=com.termux.api.MediaPlayer (has extras) }
Broadcast sent without waiting for result
Broadcasting: Intent { act=com.termux.api.MediaPlayer (has extras) }
Broadcast sent without waiting for result
Broadcasting: Intent { act=com.termux.api.MediaPlayer (has extras) }
Broadcast sent without waiting for result
Broadcasting: Intent { act=com.termux.api.MediaPlayer (has extras) }
Broadcast sent without waiting for result
Broadcasting: Intent { act=com.termux.api.MediaPlayer (has extras) }
Broadcast sent without waiting for result
Broadcasting: Intent { act=com.termux.api.MediaPlayer (has extras) }
Broadcast sent without waiting for result
Broadcasting: Intent { act=com.termux.api.MediaPlayer (has extras) }
Broadcast sent without waiting for result
Broadcasting: Intent { act=com.termux.api.MediaPlayer (has extras) }
Broadcast sent without waiting for result
Broadcasting: Intent { act=com.termux.api.MediaPlayer (has extras) }
Broadcast sent without waiting for result
Broadcasting: Intent { act=com.termux.api.MediaPlayer (has extras) }
Broadcast sent without waiting for result
Broadcasting: Intent { act=com.termux.api.MediaPlayer (has extras) }
Broadcast sent without waiting for result
Broadcasting: Intent { act=com.termux.api.MediaPlayer (has extras) }
Broadcast sent without waiting for result
Broadcasting: Intent { act=com.termux.api.MediaPlayer (has extras) }
Broadcast sent without waiting for result
Broadcasting: Intent { act=com.termux.api.MediaPlayer (has extras) }
Broadcast sent without waiting for result
Broadcasting: Intent { act=com.termux.api.MediaPlayer (has extras) }
Broadcast sent without waiting for result
Broadcasting: Intent { act=com.termux.api.MediaPlayer (has extras) }
Broadcast sent without waiting for result
Broadcasting: Intent { act=com.termux.api.MediaPlayer (has extras) }
Broadcast sent without waiting for result
Broadcasting: Intent { act=com.termux.api.MediaPlayer (has extras) }
Broadcast sent without waiting for result
Broadcasting: Intent { act=com.termux.api.MediaPlayer (has extras) }
Broadcast sent without waiting for result
Broadcasting: Intent { act=com.termux.api.MediaPlayer (has extras) }
Broadcast sent without waiting for result
Broadcasting: Intent { act=com.termux.api.MediaPlayer (has extras) }
Broadcast sent without waiting for result
📖 Golden Mean Frankenstein Reading
PHI = 1.618034, PI = 3.141593
  phi_speed: speed=97, pitch=50
  pi_pitch: speed=125, pitch=97
  golden_voice: speed=113, pitch=89
  sacred_blend: speed=118, pitch=89
📖 Reading complete. Sleep well, Captain.
